<?xml version="1.0" encoding="UTF-8"?>
<!-- Generated by org.testng.reporters.JUnitReportReporter -->
<testsuite skipped="0" hostname="DESKTOP-1HEHQ4T" name="QATests.AppiumTest" tests="2" failures="0" timestamp="2020-03-04T20:17:00 CET" time="0.026" errors="0">
  <testcase name="iOSAndorid" time="0.025" classname="QATests.AppiumTest"/>
  <testcase name="nativeAPPAndroid" time="0.001" classname="QATests.AppiumTest"/>
</testsuite> <!-- QATests.AppiumTest -->
