<?xml version="1.0" encoding="UTF-8"?>
<!-- Generated by org.testng.reporters.JUnitReportReporter -->
<testsuite skipped="0" hostname="DESKTOP-1HEHQ4T" name="QATests.SeleniumTest" tests="2" failures="0" timestamp="2020-03-04T20:33:01 CET" time="0.001" errors="0">
  <testcase name="elements" time="0.000" classname="QATests.SeleniumTest"/>
  <system-out/>
  <testcase name="BrowserAUtomation" time="0.001" classname="QATests.SeleniumTest"/>
  <system-out/>
</testsuite> <!-- QATests.SeleniumTest -->
