<?xml version="1.0" encoding="UTF-8"?>
<!-- Generated by org.testng.reporters.JUnitReportReporter -->
<testsuite skipped="0" hostname="DESKTOP-1HEHQ4T" name="QATests.RESTAPITest" tests="2" failures="0" timestamp="2020-03-04T20:33:01 CET" time="0.006" errors="0">
  <testcase name="postJira" time="0.001" classname="QATests.RESTAPITest"/>
  <system-out/>
  <testcase name="deleteTwitter" time="0.005" classname="QATests.RESTAPITest"/>
  <system-out/>
</testsuite> <!-- QATests.RESTAPITest -->
