<?xml version="1.0" encoding="UTF-8"?>
<!-- Generated by org.testng.reporters.JUnitReportReporter -->
<testsuite skipped="0" hostname="DESKTOP-1HEHQ4T" name="QATests.AppiumTest" tests="2" failures="0" timestamp="2020-03-04T20:32:49 CET" time="0.005" errors="0">
  <testcase name="nativeAPPAndroid" time="0.000" classname="QATests.AppiumTest"/>
  <system-out/>
  <testcase name="iOSAndorid" time="0.005" classname="QATests.AppiumTest"/>
  <system-out/>
</testsuite> <!-- QATests.AppiumTest -->
